[2025-09-09 22:23:29] [32minfo[39m: Cloudinary configured successfully...
[2025-09-09 22:23:30] [32minfo[39m: Server is running on port 3000
[2025-09-09 22:23:31] [32minfo[39m: MongoDB connected successfully
[2025-09-09 22:35:41] [32minfo[39m: Cloudinary configured successfully...
[2025-09-09 22:35:42] [32minfo[39m: Server is running on port 3000
[2025-09-09 22:35:43] [32minfo[39m: MongoDB connected successfully
[2025-09-10 00:34:49] [32minfo[39m: Cloudinary configured successfully...
[2025-09-10 00:34:49] [32minfo[39m: Server is running on port 3000
[2025-09-10 00:34:49] [32minfo[39m: MongoDB connected successfully
[2025-09-10 00:37:51] [32minfo[39m: Cloudinary configured successfully...
[2025-09-10 00:37:51] [32minfo[39m: Server is running on port 3000
[2025-09-10 00:37:53] [32minfo[39m: MongoDB connected successfully
[2025-09-10 00:38:15] [32minfo[39m: Error fetching blog Cannot read properties of null (reading 'comments')
[2025-09-10 00:58:10] [32minfo[39m: Token verified successfully
[2025-09-10 00:58:11] [32minfo[39m: Token verified successfully
[2025-09-10 01:09:50] [32minfo[39m: Token verified successfully
[2025-09-10 01:12:31] [32minfo[39m: Token verified successfully
[2025-09-10 01:13:43] [32minfo[39m: Token verified successfully
[2025-09-10 01:15:22] [32minfo[39m: Token verified successfully
[2025-09-10 01:15:47] [32minfo[39m: Token verified successfully
[2025-09-10 01:16:00] [32minfo[39m: Token verified successfully
[2025-09-10 01:16:22] [32minfo[39m: Token verified successfully
[2025-09-10 01:16:56] [32minfo[39m: Token verified successfully
[2025-09-10 01:16:57] [32minfo[39m: Token verified successfully
[2025-09-10 01:17:05] [32minfo[39m: Token verified successfully
[2025-09-10 01:17:35] [32minfo[39m: Token verified successfully
[2025-09-10 01:18:04] [32minfo[39m: Token verified successfully
[2025-09-10 01:19:03] [32minfo[39m: Cloudinary configured successfully...
[2025-09-10 01:19:03] [32minfo[39m: Server is running on port 3000
[2025-09-10 01:19:04] [32minfo[39m: MongoDB connected successfully
[2025-09-10 01:19:06] [32minfo[39m: Token verified successfully
[2025-09-10 01:19:15] [32minfo[39m: Token verified successfully
[2025-09-10 01:19:21] [32minfo[39m: Token verified successfully
[2025-09-10 01:26:29] [32minfo[39m: Cloudinary configured successfully...
[2025-09-10 01:26:29] [32minfo[39m: Server is running on port 3000
[2025-09-10 01:26:30] [32minfo[39m: MongoDB connected successfully
[2025-09-10 01:28:57] [32minfo[39m: Cloudinary configured successfully...
[2025-09-10 01:28:57] [32minfo[39m: Server is running on port 3000
[2025-09-10 01:28:59] [32minfo[39m: MongoDB connected successfully
[2025-09-10 01:29:03] [32minfo[39m: Error searching blog Cannot populate path `blogs` because it is not in your schema. Set the `strictPopulate` option to false to override.
[2025-09-10 01:29:07] [32minfo[39m: Error searching blog Cannot populate path `blogs` because it is not in your schema. Set the `strictPopulate` option to false to override.
[2025-09-10 01:29:12] [32minfo[39m: Error searching blog Cannot populate path `blogs` because it is not in your schema. Set the `strictPopulate` option to false to override.
[2025-09-10 01:31:18] [32minfo[39m: Cloudinary configured successfully...
[2025-09-10 01:31:18] [32minfo[39m: Server is running on port 3000
[2025-09-10 01:31:19] [32minfo[39m: MongoDB connected successfully
[2025-09-10 01:31:38] [32minfo[39m: Error searching blog Cannot read properties of undefined (reading 'total')
[2025-09-10 01:35:42] [32minfo[39m: Error searching blog Cannot read properties of undefined (reading 'total')
[2025-09-10 01:46:44] [32minfo[39m: Error searching blog Cannot read properties of undefined (reading 'total')
[2025-09-10 01:46:51] [32minfo[39m: Error searching blog Cannot read properties of undefined (reading 'total')
[2025-09-10 01:46:53] [32minfo[39m: Error searching blog Cannot read properties of undefined (reading 'total')
[2025-09-10 01:46:54] [32minfo[39m: Error searching blog Cannot read properties of undefined (reading 'total')
[2025-09-10 01:46:58] [32minfo[39m: Error searching blog Cannot read properties of undefined (reading 'total')
[2025-09-10 01:46:59] [32minfo[39m: Error searching blog Cannot read properties of undefined (reading 'total')
[2025-09-10 01:47:00] [32minfo[39m: Error searching blog Cannot read properties of undefined (reading 'total')
[2025-09-10 02:14:00] [32minfo[39m: Cloudinary configured successfully...
[2025-09-10 02:14:00] [32minfo[39m: Server is running on port 3000
[2025-09-10 02:14:00] [32minfo[39m: MongoDB connected successfully
